<?xml version="1.0" encoding="UTF-8"?>
<!-- Generated by org.testng.reporters.JUnitReportReporter -->
<testsuite hostname="LAPTOP-OJVJ8R96" failures="0" tests="5" name="testPackage.AddNewComputerTest" time="56.441" errors="0" timestamp="2021-06-22T09:22:16 IST" skipped="0">
  <testcase classname="testPackage.AddNewComputerTest" name="createNewComputer" time="10.943"/>
  <system-out/>
  <testcase classname="testPackage.AddNewComputerTest" name="discontinuedDateValidation" time="11.098"/>
  <system-out/>
  <testcase classname="testPackage.AddNewComputerTest" name="validateCancelButton" time="12.129"/>
  <system-out/>
  <testcase classname="testPackage.AddNewComputerTest" name="createNewComputerValidation" time="11.472"/>
  <system-out/>
  <testcase classname="testPackage.AddNewComputerTest" name="introducedDateValidation" time="10.799"/>
  <system-out/>
</testsuite> <!-- testPackage.AddNewComputerTest -->
