<?xml version="1.0" encoding="UTF-8"?>
<!-- Generated by org.testng.reporters.JUnitReportReporter -->
<testsuite hostname="LAPTOP-OJVJ8R96" failures="0" tests="1" name="testPackage.FilterResults" time="8.884" errors="0" timestamp="2021-06-10T23:32:01 IST" skipped="0">
  <testcase classname="testPackage.FilterResults" name="filterResults" time="8.884"/>
  <system-out/>
</testsuite> <!-- testPackage.FilterResults -->
