<?xml version="1.0" encoding="UTF-8"?>
<!-- Generated by org.testng.reporters.JUnitReportReporter -->
<testsuite hostname="LAPTOP-OJVJ8R96" failures="0" tests="1" name="testPackage.HomePageTest" time="11.480" errors="0" timestamp="2021-06-22T09:28:20 IST" skipped="0">
  <testcase classname="testPackage.HomePageTest" name="openUrl" time="11.480"/>
  <system-out/>
</testsuite> <!-- testPackage.HomePageTest -->
